#-----------------------------------------------------------
# Vivado v2020.2 (64-bit)
# SW Build 3064766 on Wed Nov 18 09:12:45 MST 2020
# IP Build 3064653 on Wed Nov 18 14:17:31 MST 2020
# Start of session at: Mon Nov 21 01:04:36 2022
# Process ID: 21144
# Current directory: D:/Software-Training/Vivado verilog/Vivado verilog/1 Full adder/project_1
# Command line: vivado.exe -gui_launcher_event rodinguilauncherevent6140 D:\Software-Training\Vivado verilog\Vivado verilog\1 Full adder\project_1\project_1.xpr
# Log file: D:/Software-Training/Vivado verilog/Vivado verilog/1 Full adder/project_1/vivado.log
# Journal file: D:/Software-Training/Vivado verilog/Vivado verilog/1 Full adder/project_1\vivado.jou
#-----------------------------------------------------------
start_gui
open_project {D:/Software-Training/Vivado verilog/Vivado verilog/1 Full adder/project_1/project_1.xpr}
INFO: [Project 1-313] Project file moved from 'D:/Software Traning/Vivado verilog/1 Full adder/project_1' since last save.
WARNING: [filemgmt 56-2] Default IP Output Path : Could not find the directory 'D:/Software-Training/Vivado verilog/Vivado verilog/1 Full adder/project_1/project_1.gen/sources_1', nor could it be found using path 'D:/Software Traning/Vivado verilog/1 Full adder/project_1/project_1.gen/sources_1'.
Scanning sources...
Finished scanning sources
INFO: [IP_Flow 19-234] Refreshing IP repositories
INFO: [IP_Flow 19-1704] No user IP repositories specified
INFO: [Common 17-41] Interrupt caught. Command should exit soon.
INFO: [IP_Flow 19-2313] Loaded Vivado IP repository 'E:/Setups/Vivado/2020.2/data/ip'.
INFO: [IP_Flow 19-2338] Canceling the changes to the IP catalog. Reverting the catalog back to its previous state.
INFO: [IP_Flow 19-2340] The IP catalog has been returned to its previous state.
INFO: [Common 17-344] 'open_project' was cancelled
